<?xml version="1.0" encoding="UTF-8"?>
<testsuite name="testClean.CreateProjectTest" tests="1" skipped="0" failures="0" errors="0" timestamp="2021-03-09T13:41:13" hostname="LAPTOP-4CABPQ75" time="9.094">
  <properties/>
  <testcase name="verify_login_todoly" classname="testClean.CreateProjectTest" time="9.094"/>
  <system-out><![CDATA[]]></system-out>
  <system-err><![CDATA[Starting ChromeDriver 89.0.4389.23 (61b08ee2c50024bab004e48d2b1b083cdbdac579-refs/branch-heads/4389@{#294}) on port 22118
Only local connections are allowed.
Please see https://chromedriver.chromium.org/security-considerations for suggestions on keeping ChromeDriver safe.
ChromeDriver was started successfully.
mar 09, 2021 9:41:14 AM org.openqa.selenium.remote.ProtocolHandshake createSession
INFORMACIÓN: Detected dialect: W3C
]]></system-err>
</testsuite>
